# SSL/TLS secrets log file, generated by NSS
CLIENT_HANDSHAKE_TRAFFIC_SECRET 4de0a53ae3193b494e4f1b0692cfd6c7b11edaf5e8718dc5f642f397d528e02a 6d47a1098c9038e8544fa5aec49407c1b475238f088119b98cd9047767afcb30
SERVER_HANDSHAKE_TRAFFIC_SECRET 4de0a53ae3193b494e4f1b0692cfd6c7b11edaf5e8718dc5f642f397d528e02a 8f4aa5674173b701e9ef0b93287dccdceeb53a500ca141c48cc76f85ed3821e8
CLIENT_HANDSHAKE_TRAFFIC_SECRET b76dfa18a0c879fff06283a51d0c887c494ab71d215ae46c0e50d530ba6b8d49 d8c37a3c5f30eb2946bc1e93368148103e180e22ebddca80ef7af5c1f3c5eef3
SERVER_HANDSHAKE_TRAFFIC_SECRET b76dfa18a0c879fff06283a51d0c887c494ab71d215ae46c0e50d530ba6b8d49 50428ec2054a103b98cdc9aa2a20622189178b3aa2ec3ffc7c27b9a44be372b5
CLIENT_TRAFFIC_SECRET_0 4de0a53ae3193b494e4f1b0692cfd6c7b11edaf5e8718dc5f642f397d528e02a 6f293ce1a97843b5b5d0d65924ef8b9c3805368c959d1ced334cdf07c42ea830
SERVER_TRAFFIC_SECRET_0 4de0a53ae3193b494e4f1b0692cfd6c7b11edaf5e8718dc5f642f397d528e02a 5b909c10b1b223dbc64525e9d6c734af241eb5e9603a584de6a4e76ee23fea2e
EXPORTER_SECRET 4de0a53ae3193b494e4f1b0692cfd6c7b11edaf5e8718dc5f642f397d528e02a 978040e37df7c9831ede2a4f78c01cfac4ececbf403a93eac62ed0aa9b6671b4
CLIENT_TRAFFIC_SECRET_0 b76dfa18a0c879fff06283a51d0c887c494ab71d215ae46c0e50d530ba6b8d49 b988723c70e9e971b0267e40f4e72fb17f1524568447295ece9bbc0a6596c743
SERVER_TRAFFIC_SECRET_0 b76dfa18a0c879fff06283a51d0c887c494ab71d215ae46c0e50d530ba6b8d49 463b10caa7a71a04ddec958734fa3cb0540f5c2e75183a4619088f4d6151e464
EXPORTER_SECRET b76dfa18a0c879fff06283a51d0c887c494ab71d215ae46c0e50d530ba6b8d49 7048fcae388a062c411927dbe64c783feee4b8f2318cba514aba12d45ab25788
CLIENT_RANDOM 7d63f93a487df1db7dbcc757a9a5bfa00794e533d20664cf00dfe6fa2fbee748 665eea3aeacb3727768e5ca14b433ec66b5fe1e62a63df09c56d8fba9ca6b9bab6f41366bf6536f0bd2aaafaac8f5020
CLIENT_HANDSHAKE_TRAFFIC_SECRET 1a46657ca00d6872f987a8bb8f4633f2306382d2fbbaa92ee88882228369e948 b668d44011ae383eb31929131438c5a6bc898fd0abc22580fb0e1d04415a4fde
SERVER_HANDSHAKE_TRAFFIC_SECRET 1a46657ca00d6872f987a8bb8f4633f2306382d2fbbaa92ee88882228369e948 e3fa4c0473fa63c3fcd0869cfe338063d18b9c9a42a50dc354c3fe77054c689f
CLIENT_HANDSHAKE_TRAFFIC_SECRET 73b39384d251d3dfc1843079c545fdf87678f0c7e3c0ca86b19ab4a351692a6f 82514c73ca35c8521263747be4b3035e02f8956bfd01caee84e5fa4e5b12aa51
SERVER_HANDSHAKE_TRAFFIC_SECRET 73b39384d251d3dfc1843079c545fdf87678f0c7e3c0ca86b19ab4a351692a6f a39394bded717bc14e6cd51cff4f46c5b40635cfeb9f32e4e7c34df3325c9c15
CLIENT_HANDSHAKE_TRAFFIC_SECRET 1b803f43cd84c5176fbd2a3effb603191a061bc17cf43784fc6659a5f2ebe303 9dedb14eb8e2de6af50c0936f082e3dd2c35d6d92af90de69f4ba236bcf6f30b
SERVER_HANDSHAKE_TRAFFIC_SECRET 1b803f43cd84c5176fbd2a3effb603191a061bc17cf43784fc6659a5f2ebe303 3e17beb0aa5d5a51b5d0d930ea39ea7041d3afb33bf2d8ed0d1319d78890b3b5
CLIENT_HANDSHAKE_TRAFFIC_SECRET 75373b9616a35455a3336fed7cfbbb82c873cd14946a7e79f56b8207a99c0c73 a98960215db2c820d0ec1cf92f17406ecf893d917eec1c392fd4ccf2917fb52a
SERVER_HANDSHAKE_TRAFFIC_SECRET 75373b9616a35455a3336fed7cfbbb82c873cd14946a7e79f56b8207a99c0c73 32848c2ed0a6bec344074cd22f756934a42047b6a3ebf5ea0ea8c2da67b308cb
CLIENT_HANDSHAKE_TRAFFIC_SECRET da548ea006a0832cc8100d6859d3e8950462a8ef014e58a6404531a7b597fada 628bdab29157f72d16a9f350ac5fbdda155af4d48dbd719ce61368877de4907b
SERVER_HANDSHAKE_TRAFFIC_SECRET da548ea006a0832cc8100d6859d3e8950462a8ef014e58a6404531a7b597fada b1a5ab5a971f5cc85aeade6760d9d026286b1742f97d7f2c8b3877253bc4050d
CLIENT_HANDSHAKE_TRAFFIC_SECRET efa912d350e826a09bbf448bc2c8067b506c56056dfbd0fc034167a42134893a 72640d1dea6ff413baacfca58e9f7dcbac39b7928070bdc35704ed115a2a9cbe
SERVER_HANDSHAKE_TRAFFIC_SECRET efa912d350e826a09bbf448bc2c8067b506c56056dfbd0fc034167a42134893a f351354b64de26ddd1185041120f0c019d99c084f4ad33f8d4a1ce98bdd090b4
CLIENT_TRAFFIC_SECRET_0 1a46657ca00d6872f987a8bb8f4633f2306382d2fbbaa92ee88882228369e948 bdbf34633179ccb88e12e7ba0a30826d8c6ff56cc24170655aec32d8c7d72e81
SERVER_TRAFFIC_SECRET_0 1a46657ca00d6872f987a8bb8f4633f2306382d2fbbaa92ee88882228369e948 cafe574c2d9aa4f089607efa0237452da55187199072ec45285da377a248ecc4
EXPORTER_SECRET 1a46657ca00d6872f987a8bb8f4633f2306382d2fbbaa92ee88882228369e948 092d65846a4bd60fe5a53c09b21e6f30355a86a8ed0cbc21cebfeae0356449f7
CLIENT_TRAFFIC_SECRET_0 efa912d350e826a09bbf448bc2c8067b506c56056dfbd0fc034167a42134893a dd3bdd912190c504c805410b17ab818802eb9b1cde80b6808ea5249ed979dff0
SERVER_TRAFFIC_SECRET_0 efa912d350e826a09bbf448bc2c8067b506c56056dfbd0fc034167a42134893a c234f909ec57f1b540e90235cde55e3f1395aa0ca3bde382b38305cd9be53cb2
EXPORTER_SECRET efa912d350e826a09bbf448bc2c8067b506c56056dfbd0fc034167a42134893a b911a3e2e0ecfcacb432bde64974571f7c5c55c325ae5daf218a008d60200259
CLIENT_TRAFFIC_SECRET_0 73b39384d251d3dfc1843079c545fdf87678f0c7e3c0ca86b19ab4a351692a6f f7ae1444afaf8cadb79be99db6f2496cf028829387d635bebb6479bd953b4977
SERVER_TRAFFIC_SECRET_0 73b39384d251d3dfc1843079c545fdf87678f0c7e3c0ca86b19ab4a351692a6f 5037901e11af036b0dcbb9c8d08b04ff66e45ad7e3fa2009ed35c5c7e82caba9
EXPORTER_SECRET 73b39384d251d3dfc1843079c545fdf87678f0c7e3c0ca86b19ab4a351692a6f a4cb77864e3ece368a9e2f0a1c5e73960202b3c08b72d2fa20d3b51bf8fbb224
CLIENT_TRAFFIC_SECRET_0 75373b9616a35455a3336fed7cfbbb82c873cd14946a7e79f56b8207a99c0c73 161496b6dc9781b4681e0612555e90155050c4256280e4f50225565c7a766bb8
SERVER_TRAFFIC_SECRET_0 75373b9616a35455a3336fed7cfbbb82c873cd14946a7e79f56b8207a99c0c73 8921e1a17e4c5a9f4811bfb268aa3a948f29453cfd692288a099c80570da5348
EXPORTER_SECRET 75373b9616a35455a3336fed7cfbbb82c873cd14946a7e79f56b8207a99c0c73 ecb563a36aa98e507182cafb7a96c35fffc68764b30e03c41e1599d6de7aa627
CLIENT_TRAFFIC_SECRET_0 1b803f43cd84c5176fbd2a3effb603191a061bc17cf43784fc6659a5f2ebe303 ba1b1d748dc8c11d9e778ae34e73f1abb7a3ca2fe02e794f9a2908164d3b84b7
SERVER_TRAFFIC_SECRET_0 1b803f43cd84c5176fbd2a3effb603191a061bc17cf43784fc6659a5f2ebe303 f315e79b609f9e8c6ae5a8e24e02e4bcf29af921f96418252cbcf88535176f81
EXPORTER_SECRET 1b803f43cd84c5176fbd2a3effb603191a061bc17cf43784fc6659a5f2ebe303 45058c3066f7f05f59dc00a84e1e328f76ced08a643ac81a8fca33a84e51a913
CLIENT_TRAFFIC_SECRET_0 da548ea006a0832cc8100d6859d3e8950462a8ef014e58a6404531a7b597fada ff38ede127130d5075d8bb7c7b441ee410049552b993abd440fb2ce080259ea0
SERVER_TRAFFIC_SECRET_0 da548ea006a0832cc8100d6859d3e8950462a8ef014e58a6404531a7b597fada 2a8d77f0525b0b12c3775f0e41808582ca7e573042c96e2dac62be238593ea26
EXPORTER_SECRET da548ea006a0832cc8100d6859d3e8950462a8ef014e58a6404531a7b597fada 12ec10ecdc140679fe40da5811cf04ea48cda0cb1fcc9f6221b2cd52f4441f76
CLIENT_HANDSHAKE_TRAFFIC_SECRET 62d3466e409c4f1437b5fc728ca6d44471d9b14b469604fd47c13b2ea3bd208c 9b9ae5ae4a7baa4274b00eceecbb04808b6fb9179b227ee1d91938e8a3cb1541
SERVER_HANDSHAKE_TRAFFIC_SECRET 62d3466e409c4f1437b5fc728ca6d44471d9b14b469604fd47c13b2ea3bd208c 0bbd7833a5140a83a86a33d0d90a6cda0fb7e6a8d04011636593e8be7aec3944
CLIENT_TRAFFIC_SECRET_0 62d3466e409c4f1437b5fc728ca6d44471d9b14b469604fd47c13b2ea3bd208c 1b6557b6f9ba8219a65369d8a321c8a3f657965df007626f7a92fddb4af740cd
SERVER_TRAFFIC_SECRET_0 62d3466e409c4f1437b5fc728ca6d44471d9b14b469604fd47c13b2ea3bd208c 0cd030f64b3bf5bffcd820b58cfeb78cc0ca40c9a021742a538935cbaa6c8285
EXPORTER_SECRET 62d3466e409c4f1437b5fc728ca6d44471d9b14b469604fd47c13b2ea3bd208c 62b78f86010d0887bdece4848032f0c503cff655f0ebb5d15ce683feec6923b3
CLIENT_HANDSHAKE_TRAFFIC_SECRET 6a0aa2da895a2f21c057cd7cd76575db083f938a176152d89dc82290db49e38f 9419ab84529863606d97bf442e99f7b52a9a59fcbc0341a84128c25eaeb00131
SERVER_HANDSHAKE_TRAFFIC_SECRET 6a0aa2da895a2f21c057cd7cd76575db083f938a176152d89dc82290db49e38f 39da9dbfb0079a1a4fd40ed85d64c5fe1285ee4fc2fc6327c2e52787656540e5
CLIENT_TRAFFIC_SECRET_0 6a0aa2da895a2f21c057cd7cd76575db083f938a176152d89dc82290db49e38f 48fdd345c0c9390fb2e360621bafdd3e730f844f41e635242d5e6810dc0b5f48
SERVER_TRAFFIC_SECRET_0 6a0aa2da895a2f21c057cd7cd76575db083f938a176152d89dc82290db49e38f 868782caf7fd3ae9ca918eebac7988281ca04c3b8077765676bf6fe4c0a018cd
EXPORTER_SECRET 6a0aa2da895a2f21c057cd7cd76575db083f938a176152d89dc82290db49e38f 50191f65fa1bf2a77260e9da448fc66c632fc7c6e3d1767934723600e12ca969
CLIENT_RANDOM a894e571cf60f6d94bc74a79be6aa1e2fbdd8689090fe079ba06a67ad4d1eeb1 869a03cc5560d06c7484ddf17653bed0df49d8420bd1d5e528906e930ffe624b28e15446860250167917cf4b7ae191e5
CLIENT_HANDSHAKE_TRAFFIC_SECRET 74ddafa9b4953b0627a39ae7aedb49739f47e8c907ad49cfc3a06a95e98ecb8c ccb375f8ba09780642c6d5f38952acab466197ee1c75a179bbc6b2bca93e68cd
SERVER_HANDSHAKE_TRAFFIC_SECRET 74ddafa9b4953b0627a39ae7aedb49739f47e8c907ad49cfc3a06a95e98ecb8c 26993860e182f02f6ca41f7f148bea58af354f4090ab3d2f9d5b54d9e9607bf2
CLIENT_HANDSHAKE_TRAFFIC_SECRET 8449774ccd42a50ba275ab29b1330a5bf3e759c6182c6c2467fb04982c808b3d 7ae2091ed1c7ff31a2eb96af823387a4bca836d9377ed9e86c488914e2ae70a5
SERVER_HANDSHAKE_TRAFFIC_SECRET 8449774ccd42a50ba275ab29b1330a5bf3e759c6182c6c2467fb04982c808b3d 10b0172ad2bb877bd18f12f21da29f02b8ec689e203618e0ce0e252ab58e0b38
CLIENT_TRAFFIC_SECRET_0 74ddafa9b4953b0627a39ae7aedb49739f47e8c907ad49cfc3a06a95e98ecb8c fe324d2dc0f4eed921e430dc0bb36110545ce61aed110c29f12a83bd391364ed
SERVER_TRAFFIC_SECRET_0 74ddafa9b4953b0627a39ae7aedb49739f47e8c907ad49cfc3a06a95e98ecb8c 327b9dda8b9a1955713b38d60aec6784a2868f0a529cc8aec238e09f0b8cf7a0
EXPORTER_SECRET 74ddafa9b4953b0627a39ae7aedb49739f47e8c907ad49cfc3a06a95e98ecb8c a32608ffa32612134a95c6c9655175efb64919942bbf52268ac314062afad1e0
CLIENT_TRAFFIC_SECRET_0 8449774ccd42a50ba275ab29b1330a5bf3e759c6182c6c2467fb04982c808b3d 31bab19d4b360ff639780067337acdcef3bb53a5270acad58560d3d9acf19531
SERVER_TRAFFIC_SECRET_0 8449774ccd42a50ba275ab29b1330a5bf3e759c6182c6c2467fb04982c808b3d eee8ba124b3e79e6516509f00cb540deb3cfec59d9249cf1c0762a0a6600d6aa
EXPORTER_SECRET 8449774ccd42a50ba275ab29b1330a5bf3e759c6182c6c2467fb04982c808b3d 8166333c131e84e9e162d75a8900d1d66edde31c6ddc1862b1d0815eeb02bb30
CLIENT_HANDSHAKE_TRAFFIC_SECRET 22d7c6f82dcce8675f9ae20af340bdc994f2d91dab93b97aee71ce6753606dae 3d0666ed8600bfdd290285df45c652cfded55921b882d556be008c0bf8d07035
SERVER_HANDSHAKE_TRAFFIC_SECRET 22d7c6f82dcce8675f9ae20af340bdc994f2d91dab93b97aee71ce6753606dae f86065d654bc131eb77b4e0ebfea0e8642dae827535402adacf45f62b6db23f9
CLIENT_HANDSHAKE_TRAFFIC_SECRET 0051f1687f1f3c272dc9f94855f102bbc357c402743ff17892b2582ac04e4316 45f6b9b2a64b711c3a4d23a8783d9d11ae7fab52a0c4877062d2c91d8dd6303f
SERVER_HANDSHAKE_TRAFFIC_SECRET 0051f1687f1f3c272dc9f94855f102bbc357c402743ff17892b2582ac04e4316 183f59d4837c61faa7380e7753bb27384543b757084a070e4c8e551e89adc24e
CLIENT_HANDSHAKE_TRAFFIC_SECRET 6da5be54827ad4ae0b3f88348e4cb5089ff12e135d04c4d16a1a092a96f974da a4953260fe5f5a2d8053228f8c11319c209e913f9d805ba4011cf0b95077d927
SERVER_HANDSHAKE_TRAFFIC_SECRET 6da5be54827ad4ae0b3f88348e4cb5089ff12e135d04c4d16a1a092a96f974da 9e0d0f0008991345d097aecfea7716a2b2cdef89a8e9ae5a8ae284c62d53245c
CLIENT_TRAFFIC_SECRET_0 22d7c6f82dcce8675f9ae20af340bdc994f2d91dab93b97aee71ce6753606dae d12e4ffebd560fd98fd92d50badc92f14df489b45d9c06620f692a362ef0d0a3
SERVER_TRAFFIC_SECRET_0 22d7c6f82dcce8675f9ae20af340bdc994f2d91dab93b97aee71ce6753606dae e79b4d02fd731e1730efdc60c66e2636544c5a5efad343e8fd148bdd2016f0a7
EXPORTER_SECRET 22d7c6f82dcce8675f9ae20af340bdc994f2d91dab93b97aee71ce6753606dae c8a6d12aa20f40a1db670162ae63a6e786db942366956b420921e74b6b13903a
CLIENT_TRAFFIC_SECRET_0 6da5be54827ad4ae0b3f88348e4cb5089ff12e135d04c4d16a1a092a96f974da 0afa54b090d146434c96e5aa2bce94777fcf86e547eb5dace909556d88f6df66
SERVER_TRAFFIC_SECRET_0 6da5be54827ad4ae0b3f88348e4cb5089ff12e135d04c4d16a1a092a96f974da a2b130311405a5124e149c752a95aacd4dd8f2cc58ddd35aec3a9a397b91bc47
EXPORTER_SECRET 6da5be54827ad4ae0b3f88348e4cb5089ff12e135d04c4d16a1a092a96f974da 090c39295c9dde9a1d333c74497db50c6d636af3ede4ef4012a7472bf6c36eb6
CLIENT_TRAFFIC_SECRET_0 0051f1687f1f3c272dc9f94855f102bbc357c402743ff17892b2582ac04e4316 a53cdf689eed1e16124b574d398e5247e7142db353232f2e9b35c12fa1030402
SERVER_TRAFFIC_SECRET_0 0051f1687f1f3c272dc9f94855f102bbc357c402743ff17892b2582ac04e4316 1b396250ec6cede7f0cf70c080bc54b8dd083ea555d4178b0edf6d88be4d4afb
EXPORTER_SECRET 0051f1687f1f3c272dc9f94855f102bbc357c402743ff17892b2582ac04e4316 49f027bedd601608571faf5de86e6e09d06412a9f5ce2b1061404fa5ebe9eb49
CLIENT_HANDSHAKE_TRAFFIC_SECRET 3b17f675810363ab6cb38014e45957894b1fa247457c72091eff564ad2c8acca 197a02751494fec4194e4dc759d5631ef8f238776419114f5cbe76dc63265489
SERVER_HANDSHAKE_TRAFFIC_SECRET 3b17f675810363ab6cb38014e45957894b1fa247457c72091eff564ad2c8acca 4596df8a2edc1aeff6794b631297164dd2b23157fa28889575f0747277773e85
CLIENT_HANDSHAKE_TRAFFIC_SECRET 29b45fc76a7e8d3a0fbbb91aa143ba5cc9f9e8f1338c05b9e6fe6d8332469be1 4344eae647c72a2386d71b7d9ead8533929a75867f7b1c195de824d03c1f61f7
SERVER_HANDSHAKE_TRAFFIC_SECRET 29b45fc76a7e8d3a0fbbb91aa143ba5cc9f9e8f1338c05b9e6fe6d8332469be1 53fad502c064bd01f76af6c20feb67b5ba6b6a4e8dace8f0ac45fd7c1424e2cf
CLIENT_TRAFFIC_SECRET_0 3b17f675810363ab6cb38014e45957894b1fa247457c72091eff564ad2c8acca 12d1197f7b46cfde02f930d488dbee20cf613fb7e3030901db4fcf7072ee6c50
SERVER_TRAFFIC_SECRET_0 3b17f675810363ab6cb38014e45957894b1fa247457c72091eff564ad2c8acca 674d9b986aa1bc4bb0dc2a0fff5c2466a5554220da8f7a2ee0a54022bc4f0ef7
EXPORTER_SECRET 3b17f675810363ab6cb38014e45957894b1fa247457c72091eff564ad2c8acca 413eae71607f51ffe3075dc80b892a3b4f1ff1ab7fb634756366f3051f4eb3a6
CLIENT_TRAFFIC_SECRET_0 29b45fc76a7e8d3a0fbbb91aa143ba5cc9f9e8f1338c05b9e6fe6d8332469be1 56cf82fc5d150b943abeeb9bef08162baeef111b9cf0a5dd29759d33bf55a0b8
SERVER_TRAFFIC_SECRET_0 29b45fc76a7e8d3a0fbbb91aa143ba5cc9f9e8f1338c05b9e6fe6d8332469be1 3aae07cab9db9457ea7227ec70047111e0068fe6f32e9140b5c710c6d673d898
EXPORTER_SECRET 29b45fc76a7e8d3a0fbbb91aa143ba5cc9f9e8f1338c05b9e6fe6d8332469be1 16e057da918e538246374f686b948904ff3cb207c9bd400e311760c11e11ee15
CLIENT_HANDSHAKE_TRAFFIC_SECRET 4d86dabd4f095672a9c774e166f0b06d49db6fb7065928c424ace800d2d3e27f acdb43b7afe306111b3215e006e53a1001bac90649a57015c4faa0929ed4b231
SERVER_HANDSHAKE_TRAFFIC_SECRET 4d86dabd4f095672a9c774e166f0b06d49db6fb7065928c424ace800d2d3e27f 873e03d30034a18620d74e976a3586f40850009b1df3cd8f0247b57fd691303d
CLIENT_HANDSHAKE_TRAFFIC_SECRET 3a546d532baee587b1b588e11f625a906b0ba3e4d2edbaf00515738f9bef36e0 adc31d6981cc1c6a7b807614a607ec89ffd80199dab0c05e9cc9d9fd335e2c72
SERVER_HANDSHAKE_TRAFFIC_SECRET 3a546d532baee587b1b588e11f625a906b0ba3e4d2edbaf00515738f9bef36e0 0bdc5093fd2095f61a9c27ffd8c3f5fe6fe9e417ef50e03ab825306e05ac8f70
CLIENT_TRAFFIC_SECRET_0 4d86dabd4f095672a9c774e166f0b06d49db6fb7065928c424ace800d2d3e27f c086938bc33b492b4646e9a048c1fef02e850339594c9bf73ae70e75dca9d36c
SERVER_TRAFFIC_SECRET_0 4d86dabd4f095672a9c774e166f0b06d49db6fb7065928c424ace800d2d3e27f 5ab699a91cf4a765e899ca609629055287894282229a2b0ccf48918f5000cfa3
EXPORTER_SECRET 4d86dabd4f095672a9c774e166f0b06d49db6fb7065928c424ace800d2d3e27f d565bf50db7c6d23ba9fb006670efa0090a6a13c0571229bb57ef0152e2e7799
CLIENT_HANDSHAKE_TRAFFIC_SECRET 8119d91d42bbb913a7a93ee28213964419c5626baf4f3ea28c892815dea1eafe 59e882f19bf5d0aa8ab0ea1c72578e7bffd2ef120e573e2004979703f494e19d
SERVER_HANDSHAKE_TRAFFIC_SECRET 8119d91d42bbb913a7a93ee28213964419c5626baf4f3ea28c892815dea1eafe 0cc2bd362d656ed7bd7d70e4d8d16c6fe76e8cee56b43b51f53e99fb0b4fb98f
CLIENT_TRAFFIC_SECRET_0 8119d91d42bbb913a7a93ee28213964419c5626baf4f3ea28c892815dea1eafe bb769f81bf41f9326b91885eeb53159555b2355a9057b50ab9b11aea0b941584
SERVER_TRAFFIC_SECRET_0 8119d91d42bbb913a7a93ee28213964419c5626baf4f3ea28c892815dea1eafe 228597eab4dd56ac4183cbd2ddd75df63e7bf171379189201c883c082152bce4
EXPORTER_SECRET 8119d91d42bbb913a7a93ee28213964419c5626baf4f3ea28c892815dea1eafe ea71f1f28eddf73068845ad5141dd3685214049a80f1b35ecc60a50bf86db332
CLIENT_TRAFFIC_SECRET_0 3a546d532baee587b1b588e11f625a906b0ba3e4d2edbaf00515738f9bef36e0 d51bf4296fd30193b0370d126909ec7fb8c93e52c49e566bc142d75d596048db
SERVER_TRAFFIC_SECRET_0 3a546d532baee587b1b588e11f625a906b0ba3e4d2edbaf00515738f9bef36e0 b6b4467b86b5c8896d9cd0b71c3244cf8f40550564900acadcf133ae86cd7278
EXPORTER_SECRET 3a546d532baee587b1b588e11f625a906b0ba3e4d2edbaf00515738f9bef36e0 c9dd3fe38eef23963b31955d6b8a5716578554789086174c2150469c37d8929a
CLIENT_HANDSHAKE_TRAFFIC_SECRET 3205305f467e4dd404badf83a3ad66c42fb189a083d5003febbdc0d7d60c3fab 0614c02d36dd99a16185d8083f95a28f7a2436b119e5a2d4177ff705c0c8850c
SERVER_HANDSHAKE_TRAFFIC_SECRET 3205305f467e4dd404badf83a3ad66c42fb189a083d5003febbdc0d7d60c3fab f02bafbc0e02347faf78a2f576272780dc6606c6dd286e1423078edc87229de5
CLIENT_TRAFFIC_SECRET_0 3205305f467e4dd404badf83a3ad66c42fb189a083d5003febbdc0d7d60c3fab 6a7551cd066de47a69c9b099bfb84becaa803c6d81fb4c2e0a28927b30d1c12a
SERVER_TRAFFIC_SECRET_0 3205305f467e4dd404badf83a3ad66c42fb189a083d5003febbdc0d7d60c3fab bb73abb72d133412da7ca2bb908b523aa956d37638aa621ab4bade3a281a27d1
EXPORTER_SECRET 3205305f467e4dd404badf83a3ad66c42fb189a083d5003febbdc0d7d60c3fab eb4e57147a376b9d72edc0e6b149f9eeea94163f72f71d4f68479bdb3bee94c0
CLIENT_RANDOM f2d9c34189b423d0687368c3d86c0068cc27951cc90a880701c07d6786ec8cf9 4c35849002c12aa5dfdfecc89ac3f620530af6d221c1df5c53b45c09f49ebdcff5ab3c2c8c130f3d5d0a228be9c0eafb
CLIENT_HANDSHAKE_TRAFFIC_SECRET d943dfd65ff023ed44ccfdba973e026eb10fd18ffe1f10e41c110e77bf57e8eb 4b88e6c6c77ea422e55dd372271b4a6dab71ac4392fea534c48d0441f6c43a82
SERVER_HANDSHAKE_TRAFFIC_SECRET d943dfd65ff023ed44ccfdba973e026eb10fd18ffe1f10e41c110e77bf57e8eb df23234763bce5473b3f7c3e379c91b115b53cfcf79fc0a6dc00ddc9398de9a9
CLIENT_HANDSHAKE_TRAFFIC_SECRET cf404d6dba18a04b3ea7f9abb484432e8c2eea8c56b5bb50a71a326f6e8d1db3 0a5b1f17b53c954f8c418508467de696b4e6a1e7b8c6e4020b85660915be30a7
SERVER_HANDSHAKE_TRAFFIC_SECRET cf404d6dba18a04b3ea7f9abb484432e8c2eea8c56b5bb50a71a326f6e8d1db3 0105893ea83c570a32a44d25da5ad3c97d0132cd13b65255101664c1136671ba
CLIENT_TRAFFIC_SECRET_0 d943dfd65ff023ed44ccfdba973e026eb10fd18ffe1f10e41c110e77bf57e8eb b2b52e1285e72bfe75d2bc09a9f6e5c8cf89c3290ad2821fff57a2e29c848653
SERVER_TRAFFIC_SECRET_0 d943dfd65ff023ed44ccfdba973e026eb10fd18ffe1f10e41c110e77bf57e8eb 938778a3b8f4237001bfeb8e904fd27427f07d63181eedec3e4a9621699a15e4
EXPORTER_SECRET d943dfd65ff023ed44ccfdba973e026eb10fd18ffe1f10e41c110e77bf57e8eb 7faf01cdf9f8f0e09769c5c170250e75231ca053f8350d6f8fe974647f83651c
CLIENT_TRAFFIC_SECRET_0 cf404d6dba18a04b3ea7f9abb484432e8c2eea8c56b5bb50a71a326f6e8d1db3 b6e689b9f2534988dbd261ce35dc8303f3bd3d509520b85257482ab8e546c641
SERVER_TRAFFIC_SECRET_0 cf404d6dba18a04b3ea7f9abb484432e8c2eea8c56b5bb50a71a326f6e8d1db3 21839d487be18a9e1d14fd49b2234a12af5e84772d74e0043aded3ab372526e7
EXPORTER_SECRET cf404d6dba18a04b3ea7f9abb484432e8c2eea8c56b5bb50a71a326f6e8d1db3 194237596ae24bb4590371a54fb2513a9b1770e8cbf7c681572008be166c6f58
CLIENT_HANDSHAKE_TRAFFIC_SECRET 7904f01809e647c81c710da067876b3d7a74b6b65a9fb8a4e03ef4bf0f2f5f5f 647fb60c9d4acb1673fdff767fdf30f387c9f469ce13ad8a8237e28df03d3c44
SERVER_HANDSHAKE_TRAFFIC_SECRET 7904f01809e647c81c710da067876b3d7a74b6b65a9fb8a4e03ef4bf0f2f5f5f 1667bb960c978135ed03f3e6f2e9d0de84cecb631ae24d39653c5f8c3708f3f4
CLIENT_HANDSHAKE_TRAFFIC_SECRET 19c736c8439f01a826db06249a9379d539af111f6e2b66bc3e13ca970e7a8da1 c3891a5336c754d44c9900c493e099f252de1314af68fc9fe267d04f22e72a55
SERVER_HANDSHAKE_TRAFFIC_SECRET 19c736c8439f01a826db06249a9379d539af111f6e2b66bc3e13ca970e7a8da1 3f1f26b625030de57bf1b18899ac9faea29c85f1804159cc116e26f286dac92f
CLIENT_TRAFFIC_SECRET_0 7904f01809e647c81c710da067876b3d7a74b6b65a9fb8a4e03ef4bf0f2f5f5f 71d34d0addb7abe08a5ec3f9e86bb01320d0f5215466d0ecdb0ca0ecad96a79e
SERVER_TRAFFIC_SECRET_0 7904f01809e647c81c710da067876b3d7a74b6b65a9fb8a4e03ef4bf0f2f5f5f aac4cb5d0018b74bcfe33efe08f618676f1683e59df2fe96b20faffa169cbc22
EXPORTER_SECRET 7904f01809e647c81c710da067876b3d7a74b6b65a9fb8a4e03ef4bf0f2f5f5f af87d91b3bbb318bcfcd314263e533fd7b511695f84a89e46fe9471ed7630859
CLIENT_TRAFFIC_SECRET_0 19c736c8439f01a826db06249a9379d539af111f6e2b66bc3e13ca970e7a8da1 24195470b067fc0a3d42ddf88a478da38f7a9100fba2e6eb9029a897ed6803f7
SERVER_TRAFFIC_SECRET_0 19c736c8439f01a826db06249a9379d539af111f6e2b66bc3e13ca970e7a8da1 524eddf0699c40b87567d3e288fd8d5b419002d2cfd180a18f1eda8774954837
EXPORTER_SECRET 19c736c8439f01a826db06249a9379d539af111f6e2b66bc3e13ca970e7a8da1 df6ae9231d0be5fcce5cc16737b5528cb5b6c1a262a7a66f02a4a02249961593
CLIENT_HANDSHAKE_TRAFFIC_SECRET 8c52017707ea9ab6d97e77f792fbd730c8249a2393fe01466cc52689fab4579c 9293b2e80af7b6218c9dac0f57a9ced517e0fb4d32e3925e3831f9c6824d5044
SERVER_HANDSHAKE_TRAFFIC_SECRET 8c52017707ea9ab6d97e77f792fbd730c8249a2393fe01466cc52689fab4579c d40853c6aa724aebc4d6e5f355e5adb5876129f2c11005a84dd3205d4f601a79
CLIENT_TRAFFIC_SECRET_0 8c52017707ea9ab6d97e77f792fbd730c8249a2393fe01466cc52689fab4579c d31af2fbba482e06804742092f55830207f1fe5b071fe7f2a383e4af562a352a
SERVER_TRAFFIC_SECRET_0 8c52017707ea9ab6d97e77f792fbd730c8249a2393fe01466cc52689fab4579c 55e393eb35595ab30332115b8b6adc2a921865f046e0aa2c3633a8e061bae4dd
EXPORTER_SECRET 8c52017707ea9ab6d97e77f792fbd730c8249a2393fe01466cc52689fab4579c cec729ddfc47ee8f6829815851504d9a8f88eb89068acff6021cf7aa40e6897c
CLIENT_HANDSHAKE_TRAFFIC_SECRET 6b15adef6a11f19258eab0b00171fc93807a2b771bb444e729c767ed3422788c e67bfbf540d20143087505d1120c23cdf5e807b94f33c0d9c2d1b1ab1a70b92d
SERVER_HANDSHAKE_TRAFFIC_SECRET 6b15adef6a11f19258eab0b00171fc93807a2b771bb444e729c767ed3422788c 8f842a5a22dd2cf70641c15440b59072a595b43ea0a66fe613fa4d293dc45c0c
CLIENT_TRAFFIC_SECRET_0 6b15adef6a11f19258eab0b00171fc93807a2b771bb444e729c767ed3422788c dca9e8430419b9fb160f7d3be63f1cbaca931fc8ad1dc5a95015ae72d2f36fca
SERVER_TRAFFIC_SECRET_0 6b15adef6a11f19258eab0b00171fc93807a2b771bb444e729c767ed3422788c c7f941ae171ca6df2d61f3a55e40529bd7a3ddb19b4b88a8432cb4ea21ea1cd1
EXPORTER_SECRET 6b15adef6a11f19258eab0b00171fc93807a2b771bb444e729c767ed3422788c 7d5cc55bd616d37346481cdfe10fe76ac4b2a228327a9af53b9d9cc4e4eb89a0
CLIENT_HANDSHAKE_TRAFFIC_SECRET 854ce09870873204087f063b22fe6bc3ac0bc6af8aacf52eebc78288c166e3bb fc7e3b094112938f3917d095b07d4c474d3fb9e32aac37ba2532eaa3021cae5e
SERVER_HANDSHAKE_TRAFFIC_SECRET 854ce09870873204087f063b22fe6bc3ac0bc6af8aacf52eebc78288c166e3bb 6bcbaf1c22929595003e60568b24ec451193e3646a05ef66b71b8dae70a257f7
CLIENT_TRAFFIC_SECRET_0 854ce09870873204087f063b22fe6bc3ac0bc6af8aacf52eebc78288c166e3bb cba6d6003bd165d85ea72a505cde6a438536e90df9a39d96f8fe516edd2c27ea
SERVER_TRAFFIC_SECRET_0 854ce09870873204087f063b22fe6bc3ac0bc6af8aacf52eebc78288c166e3bb e23698a45874b811c1a5ffb50e2ccf08f3e9d75ec0398aa34696d82a8b42b70f
EXPORTER_SECRET 854ce09870873204087f063b22fe6bc3ac0bc6af8aacf52eebc78288c166e3bb 3e05d7870f925954610865263305324cd113dc68c8daf65b61a70c9b08d15a69
CLIENT_HANDSHAKE_TRAFFIC_SECRET af2ad3d5f36e3a78bed3d43b06595cde30beed178debd328a1ffbcd386e2d8f2 5383ce732d301467e9eee8c956e7766ce34e1a9aaaf874665b6b23bdb9dade0c
SERVER_HANDSHAKE_TRAFFIC_SECRET af2ad3d5f36e3a78bed3d43b06595cde30beed178debd328a1ffbcd386e2d8f2 293c64a098bcdba46a13e15da968769d61fd4811d601e0afbc999b56bce086c8
CLIENT_HANDSHAKE_TRAFFIC_SECRET 7542d837dd5eaa3b87b127d4c6b47c1284692b66ce7bf0b5b9ec55b1f7a0b2af a9532118c9fb30fc1722af62b26cdfbe311daf55510bcf82ae260fe8cb6c294f
SERVER_HANDSHAKE_TRAFFIC_SECRET 7542d837dd5eaa3b87b127d4c6b47c1284692b66ce7bf0b5b9ec55b1f7a0b2af 768adbe37fd38b50d2a15eefbae95ed20126d659f52d7bc3185bdb3406ea60ee
CLIENT_HANDSHAKE_TRAFFIC_SECRET 3ed256b16682650cc9411909804d5bfbadd1bf79ff5bf8e79bb335523075bc0e 3bc3b8bfd6cd600ccae0ba2baca4e897e5779f1d5f33e5da8fcb0d1396746536
SERVER_HANDSHAKE_TRAFFIC_SECRET 3ed256b16682650cc9411909804d5bfbadd1bf79ff5bf8e79bb335523075bc0e 46af6126c13663135811bc736b800c4e4997a89df42294149452aa2ebb5fd8c2
CLIENT_TRAFFIC_SECRET_0 af2ad3d5f36e3a78bed3d43b06595cde30beed178debd328a1ffbcd386e2d8f2 a39b3671ea791f0c9cbcf8e7ca5f58bfe27fe14ddf49a3a6c0826118ab637cc0
SERVER_TRAFFIC_SECRET_0 af2ad3d5f36e3a78bed3d43b06595cde30beed178debd328a1ffbcd386e2d8f2 71bedc80ff9eb00496b9a9952d4db67d7cd382125a1e0166609d716e054eab79
EXPORTER_SECRET af2ad3d5f36e3a78bed3d43b06595cde30beed178debd328a1ffbcd386e2d8f2 e22a3755fdcec02ea95f5150a1e019d1092a6f65a94ccc24545e57d2416a389d
CLIENT_HANDSHAKE_TRAFFIC_SECRET 7d0fec017c5fc364ce5b90c641cc7d4ba36a2061001216e25fcff7b57ee6a6a1 4353e62dbb8ac6359781c98b2bec8ee488dcc3702f561e3571065b23f2a7b193
SERVER_HANDSHAKE_TRAFFIC_SECRET 7d0fec017c5fc364ce5b90c641cc7d4ba36a2061001216e25fcff7b57ee6a6a1 087a7dad85195aea6b2791b5a88f4ba01fe24952e6db54b407d1fa7a51490292
CLIENT_TRAFFIC_SECRET_0 7542d837dd5eaa3b87b127d4c6b47c1284692b66ce7bf0b5b9ec55b1f7a0b2af 0db32ca480e9a24c0ca30140c4deadc95db95390bb8059b3ddb9e45c5c8512e4
SERVER_TRAFFIC_SECRET_0 7542d837dd5eaa3b87b127d4c6b47c1284692b66ce7bf0b5b9ec55b1f7a0b2af 41960eff3b83e3ff1ca6b6f3903702e98b00676e4d2ff249370956f85996578e
EXPORTER_SECRET 7542d837dd5eaa3b87b127d4c6b47c1284692b66ce7bf0b5b9ec55b1f7a0b2af 6165ca05ff93e6b99ee239c48a36a09af6a42d6e015e725f654aa6e41743bab7
CLIENT_TRAFFIC_SECRET_0 7d0fec017c5fc364ce5b90c641cc7d4ba36a2061001216e25fcff7b57ee6a6a1 4f405a446a02ec82a3e59a29ab01941ebe407858703177867e2b7fab3984c9c4
SERVER_TRAFFIC_SECRET_0 7d0fec017c5fc364ce5b90c641cc7d4ba36a2061001216e25fcff7b57ee6a6a1 ab36e993689826338d9d442a609c2f1cfd2c7b089dfd6643eb3ac3e907da9594
EXPORTER_SECRET 7d0fec017c5fc364ce5b90c641cc7d4ba36a2061001216e25fcff7b57ee6a6a1 d5e50a4e919f0956c3b2481bb06f92eb13abb66991b7f62b575185b12c4d2d89
CLIENT_TRAFFIC_SECRET_0 3ed256b16682650cc9411909804d5bfbadd1bf79ff5bf8e79bb335523075bc0e bba51b2917e5b56326e53013b4b19a624d4976495a5dcf34ad901243b4ae975e
SERVER_TRAFFIC_SECRET_0 3ed256b16682650cc9411909804d5bfbadd1bf79ff5bf8e79bb335523075bc0e 74fadd497a0c074db76d5651041c53e76c0421f7ac47764ef7cbfd8f7e3b5ff9
EXPORTER_SECRET 3ed256b16682650cc9411909804d5bfbadd1bf79ff5bf8e79bb335523075bc0e 8568b3396aaeffd51e0fd3dacdf0c19cc2272aeccaa745733f564866e9f7edd8
CLIENT_HANDSHAKE_TRAFFIC_SECRET d8a2d0b434a7e33fbe9192d34a5bc99949d8d42717c6e115a286ca74dd336c0a 9abb3518baa506c42bf8f959da40f2eef8d2134a1a86c5f48339cba633d6d415
SERVER_HANDSHAKE_TRAFFIC_SECRET d8a2d0b434a7e33fbe9192d34a5bc99949d8d42717c6e115a286ca74dd336c0a fb33f5bd3902af7e1baa0a0147ecb692ae18516a20833b7b7d6e885d1340f1bb
CLIENT_TRAFFIC_SECRET_0 d8a2d0b434a7e33fbe9192d34a5bc99949d8d42717c6e115a286ca74dd336c0a 99f43558ed6895b5d66b2eb7448bc6fa11f5614ff2ae7638b1378fe4a85e6b1f
SERVER_TRAFFIC_SECRET_0 d8a2d0b434a7e33fbe9192d34a5bc99949d8d42717c6e115a286ca74dd336c0a 92d7a15205abd551f9374f41259bc24ac0f6eee83defdf0819ab394cac62f47f
EXPORTER_SECRET d8a2d0b434a7e33fbe9192d34a5bc99949d8d42717c6e115a286ca74dd336c0a 91ee1cc28109fe004a58d4f938f11604ab950356bd5f3edcdabbfaa8df1cac87
CLIENT_HANDSHAKE_TRAFFIC_SECRET 8254c98721f7cea02d4f8f8c815b51a3b737962719432900976f7c67c9c37a2c 01f5bfa836ed19692c2b2c900aaf14a50eaf1d17cb4aaa2764d970ff5b5188d2
SERVER_HANDSHAKE_TRAFFIC_SECRET 8254c98721f7cea02d4f8f8c815b51a3b737962719432900976f7c67c9c37a2c 0baa51f32478247878d80b4d0ad55ec6c2055ab1a381951b62b833c28cdbf981
CLIENT_HANDSHAKE_TRAFFIC_SECRET fd60d4f700cf727324c74b2dc10aa3da9a8fea34487135e6732ad56b4a6a2ab7 a79ab97eac18e5c6c002443bc08aca2ef0ad4b9f2460fbf5db482856b9ae9dc2
SERVER_HANDSHAKE_TRAFFIC_SECRET fd60d4f700cf727324c74b2dc10aa3da9a8fea34487135e6732ad56b4a6a2ab7 6065ffb4cede1f4aeee1f54e077cca566f13882eaab8cabb175b9d15a17c9cfe
CLIENT_HANDSHAKE_TRAFFIC_SECRET 948561573e18ff340e68875d3b6df5f655246e33bba924c396d97df1119df59b 45d65e77442fd57c66654df2f826e1a35bd50fa12df6b4aa13909f5fca4412a0
SERVER_HANDSHAKE_TRAFFIC_SECRET 948561573e18ff340e68875d3b6df5f655246e33bba924c396d97df1119df59b 4986a6532f6ab692034db46d85584d49a6875275415ecfbfd7e7fd80fd94cea6
CLIENT_TRAFFIC_SECRET_0 8254c98721f7cea02d4f8f8c815b51a3b737962719432900976f7c67c9c37a2c 8fca9172da3c42aca21de9ad153a401cd02f5dd76a711fe39dc3597f043e557b
SERVER_TRAFFIC_SECRET_0 8254c98721f7cea02d4f8f8c815b51a3b737962719432900976f7c67c9c37a2c 669cd5da6911236b36ef46d0100cde75d836a8729a1795ad55d2a1971d10a7df
EXPORTER_SECRET 8254c98721f7cea02d4f8f8c815b51a3b737962719432900976f7c67c9c37a2c 446749b758393105d3634292555e6f63f86aa4328242350a7f1d4dfeb3d2f4e7
CLIENT_TRAFFIC_SECRET_0 fd60d4f700cf727324c74b2dc10aa3da9a8fea34487135e6732ad56b4a6a2ab7 d8d73559c8b3527ace77a76d0ff800ef9b07477763ddb1c6bb7883e1f601ccb9
SERVER_TRAFFIC_SECRET_0 fd60d4f700cf727324c74b2dc10aa3da9a8fea34487135e6732ad56b4a6a2ab7 30a4b6634b86450eedb8719f20b9cf58c6afca64556b2e312fb973e54fdf4539
EXPORTER_SECRET fd60d4f700cf727324c74b2dc10aa3da9a8fea34487135e6732ad56b4a6a2ab7 a7cf47ef349decdae6f1f5bb7bb717120ae6c0e721047f3ea5186c17b09c876e
CLIENT_TRAFFIC_SECRET_0 948561573e18ff340e68875d3b6df5f655246e33bba924c396d97df1119df59b ecec096c070fe9ee2e5c0bc8932a14bb11bddf36a6a484bc13e6775fe3ce26b7
SERVER_TRAFFIC_SECRET_0 948561573e18ff340e68875d3b6df5f655246e33bba924c396d97df1119df59b 5403c8d7303037834a9df8919037ca210a11a42a828965e9da082a853a743180
EXPORTER_SECRET 948561573e18ff340e68875d3b6df5f655246e33bba924c396d97df1119df59b e886fe101e0033e2daa1bc767d5586d1b115139c4100e2abb4887ca3c10b3638
CLIENT_HANDSHAKE_TRAFFIC_SECRET e777428c8477086cc6761f33c5574eb539c238e42b06dd894b1d3b46ea854a26 037a6f376f1f30689cb0f08732c8d3589bdb04b87f821c9eaca2af4cd93e4f5d
SERVER_HANDSHAKE_TRAFFIC_SECRET e777428c8477086cc6761f33c5574eb539c238e42b06dd894b1d3b46ea854a26 84864eb5ccade0dfe1f311ba8a1c1302df865d725fb1ce15d3f0740512bab9ae
CLIENT_TRAFFIC_SECRET_0 e777428c8477086cc6761f33c5574eb539c238e42b06dd894b1d3b46ea854a26 43798ea46a962b306943700b16d01b4f15c016cbc18a5462e3a95faa5467c328
SERVER_TRAFFIC_SECRET_0 e777428c8477086cc6761f33c5574eb539c238e42b06dd894b1d3b46ea854a26 1e56e47a9645dee75c040bed676dc9b70031a9a3be2fd4953b5153b2387fe60d
EXPORTER_SECRET e777428c8477086cc6761f33c5574eb539c238e42b06dd894b1d3b46ea854a26 5fb391676b31140cb448207e3b53882445b3836869da2971b31d3a58db1a47ac
CLIENT_HANDSHAKE_TRAFFIC_SECRET cffbe2df3e340c178b97aab25f2d9d8da1085adbf9faea116a0c18c332323168 bc8afa8c94d5c04bef20b55abf372d906970f42dfa9f8a565471c81aaec1861c
SERVER_HANDSHAKE_TRAFFIC_SECRET cffbe2df3e340c178b97aab25f2d9d8da1085adbf9faea116a0c18c332323168 38fa227e527b41125284682ebbe8da8efc8da204c833487657ee5963b6f360b3
CLIENT_HANDSHAKE_TRAFFIC_SECRET 337fc2a3d5990e763457ff3c5e9f9049ab6c204c66e77e59f75e39c0eb0b4237 c5c64a21f87947358ec755b1b1168459b82a10b11fb937701820dacd9ceae687
SERVER_HANDSHAKE_TRAFFIC_SECRET 337fc2a3d5990e763457ff3c5e9f9049ab6c204c66e77e59f75e39c0eb0b4237 6bef95a33718e9f03ccb2edd07b56a7a9c195e62c98c929fa92ac3026ae8dc9d
CLIENT_HANDSHAKE_TRAFFIC_SECRET 18ff9a9789f9fa0f9a135ae1cb82ed8c6fbd38a8bb38d202f29c307693c5adcf ba8596469b6fc36d3ad8c628fa9e7b1d6b7d3ac5b4a46af136f6ab0e2600b973
SERVER_HANDSHAKE_TRAFFIC_SECRET 18ff9a9789f9fa0f9a135ae1cb82ed8c6fbd38a8bb38d202f29c307693c5adcf d39e572805dc4c90f4af175c064c894a5c2fed745b403c7dcf722636eacd871d
CLIENT_HANDSHAKE_TRAFFIC_SECRET 7c13451a6b7aa164afe48c7808da607f71817470c185832c49b2d628707efb75 b97afccac1d548d658f53e8e924a763db146b7e730965422e193f690061c4402
SERVER_HANDSHAKE_TRAFFIC_SECRET 7c13451a6b7aa164afe48c7808da607f71817470c185832c49b2d628707efb75 92bdf7a361c7627f443c39091461c99f28cf1582153d597341db35fe2157ec7c
CLIENT_HANDSHAKE_TRAFFIC_SECRET 94f71ea0bfcb45447acec10cd50a5f88a3949a0e7e9d1a303ae5667b2ee94ad9 d61c3f80f4f47a7497097398c9db8ffca3a5145b1b81c5d61a4c62f0da79135c
SERVER_HANDSHAKE_TRAFFIC_SECRET 94f71ea0bfcb45447acec10cd50a5f88a3949a0e7e9d1a303ae5667b2ee94ad9 4343de738f5b5f8214def99a38bea57631c84e98ff55e297fc50176097faf356
CLIENT_HANDSHAKE_TRAFFIC_SECRET e903f70da228d6358ad2ef0a3edba6e0f6a3ec29dfdeb0b69f230bd46bda7203 a963d09b7e9374ce7b1e64dca0caa1430d4571087b0bc27582d1c501666d5a18
SERVER_HANDSHAKE_TRAFFIC_SECRET e903f70da228d6358ad2ef0a3edba6e0f6a3ec29dfdeb0b69f230bd46bda7203 75c4ed18d912251b308cf56ae3401e0be6d08b569e6894f1e2ae4bd54fde058b
CLIENT_TRAFFIC_SECRET_0 cffbe2df3e340c178b97aab25f2d9d8da1085adbf9faea116a0c18c332323168 1071bd5d825dd736a779084880ec2d597e4ad487a16c85b080a413cf3caae686
SERVER_TRAFFIC_SECRET_0 cffbe2df3e340c178b97aab25f2d9d8da1085adbf9faea116a0c18c332323168 cf991dfe7cb2740e1f3630b010320730eacfc7f3155b258d58a25464b5e2254d
EXPORTER_SECRET cffbe2df3e340c178b97aab25f2d9d8da1085adbf9faea116a0c18c332323168 90285b92fbe1c9d8738c820b6c06d89d53236384d212b074b7a4fc4a8a10e5ec
CLIENT_TRAFFIC_SECRET_0 337fc2a3d5990e763457ff3c5e9f9049ab6c204c66e77e59f75e39c0eb0b4237 4a93e23f6b63e47889a3b4ec07c7d3688208d61a527fc42f7db451fcd19a8632
SERVER_TRAFFIC_SECRET_0 337fc2a3d5990e763457ff3c5e9f9049ab6c204c66e77e59f75e39c0eb0b4237 730fc60e2aef8ffb2d99fa2034fe472e93388f4725c3a97b3c4ff271bf3d74ca
EXPORTER_SECRET 337fc2a3d5990e763457ff3c5e9f9049ab6c204c66e77e59f75e39c0eb0b4237 5bd53bafa537cf5f93092413c2eb1d551f2d585fa5b99d8edbe5730b3e503cf0
CLIENT_TRAFFIC_SECRET_0 18ff9a9789f9fa0f9a135ae1cb82ed8c6fbd38a8bb38d202f29c307693c5adcf 3469eb7785669faa0d92aee662ad2bfb1a0a50653d890a0a6ceb3a4793b44a93
SERVER_TRAFFIC_SECRET_0 18ff9a9789f9fa0f9a135ae1cb82ed8c6fbd38a8bb38d202f29c307693c5adcf a9405a5a75b6533b3d05ce3afe6b63ee823e82d6d1b1a6290f470408d7328d2c
EXPORTER_SECRET 18ff9a9789f9fa0f9a135ae1cb82ed8c6fbd38a8bb38d202f29c307693c5adcf 37939e2ed1936f26ee3807a19a59b5dc1b52803dd23bed2b8664d6d3a1d05793
CLIENT_TRAFFIC_SECRET_0 94f71ea0bfcb45447acec10cd50a5f88a3949a0e7e9d1a303ae5667b2ee94ad9 2295956ac9da8bf4568b3d8b3f802ae9129a4a0ebb844c2c50152d8c9c272513
SERVER_TRAFFIC_SECRET_0 94f71ea0bfcb45447acec10cd50a5f88a3949a0e7e9d1a303ae5667b2ee94ad9 8fec09ae8c4ccb3e304be38fdae7ac00a56890563cfe84c34f775f209c38d3cf
EXPORTER_SECRET 94f71ea0bfcb45447acec10cd50a5f88a3949a0e7e9d1a303ae5667b2ee94ad9 84895e055215c4770f6ca6a57427c00fa080fcbc481322a67c6fce266f9eadbd
CLIENT_TRAFFIC_SECRET_0 7c13451a6b7aa164afe48c7808da607f71817470c185832c49b2d628707efb75 90fbb09d817c523e94d3f03aae5b9b497154fa1aa0c27f514022a5a86d2e8f48
SERVER_TRAFFIC_SECRET_0 7c13451a6b7aa164afe48c7808da607f71817470c185832c49b2d628707efb75 8d60ddcd333344609bb3b92d8460474083ff4cd35512e25d417759ea86841c68
EXPORTER_SECRET 7c13451a6b7aa164afe48c7808da607f71817470c185832c49b2d628707efb75 9e178e7c2a1f12126c1ce49dfd6b3262adc692db6648d6be1836db019f7a3a65
CLIENT_TRAFFIC_SECRET_0 e903f70da228d6358ad2ef0a3edba6e0f6a3ec29dfdeb0b69f230bd46bda7203 ceabdfeea1570156047d82afe310d3ae4fd5419ab6a1c3679adeb9c8bcc5ffbf
SERVER_TRAFFIC_SECRET_0 e903f70da228d6358ad2ef0a3edba6e0f6a3ec29dfdeb0b69f230bd46bda7203 b14386ca9c612243cf4b7b6a0ec78e6179c941835f1b547cb603eae4c71eee81
EXPORTER_SECRET e903f70da228d6358ad2ef0a3edba6e0f6a3ec29dfdeb0b69f230bd46bda7203 e87c58ef3e2c55e321413bb1bc85fb3de4d48bee2af315de2d56152348898188
CLIENT_HANDSHAKE_TRAFFIC_SECRET 0d403c8017e88ce178abc6f193f2cd58dc54c785671ef85f6056bdd9b0c3fbe2 9c571034da59856914816fa3c10d9992ecf7d231007025f10bc7d4d3f301de8d
SERVER_HANDSHAKE_TRAFFIC_SECRET 0d403c8017e88ce178abc6f193f2cd58dc54c785671ef85f6056bdd9b0c3fbe2 f56724442d02d3bfe4ba9ab6bd58dbf24084bbad407cdb53fe71f28d45fd7f16
CLIENT_TRAFFIC_SECRET_0 0d403c8017e88ce178abc6f193f2cd58dc54c785671ef85f6056bdd9b0c3fbe2 0778baa52fc9df0b6bfcadec7b36b286313fd5cd8f24dc14f60a0c63867ad227
SERVER_TRAFFIC_SECRET_0 0d403c8017e88ce178abc6f193f2cd58dc54c785671ef85f6056bdd9b0c3fbe2 9141da6f87f3b6dc587d36d5306e803d8edde9e251b0639ed599fe275bb91e95
EXPORTER_SECRET 0d403c8017e88ce178abc6f193f2cd58dc54c785671ef85f6056bdd9b0c3fbe2 77a0e73e2ddf7ad80dbc07c7825d35f97d3c95b16598cd5e65653897299fd179
CLIENT_HANDSHAKE_TRAFFIC_SECRET a6f2ad34687aacd4505ca55b5c4af88df71d086f6c4e6b30b967bb5f1e08dddf e8977b7719faa0ae5c28090bf44a47aa2a2779b46869eeaf324dfad159eb6fea
SERVER_HANDSHAKE_TRAFFIC_SECRET a6f2ad34687aacd4505ca55b5c4af88df71d086f6c4e6b30b967bb5f1e08dddf 65775962830024d0e4afc9eaa051d0bafc5a28291a739414dfb290d346349615
CLIENT_TRAFFIC_SECRET_0 a6f2ad34687aacd4505ca55b5c4af88df71d086f6c4e6b30b967bb5f1e08dddf d9abef9c8136f298156cc9162c126335f413ea5c671b016d9b79fd060d039ccd
SERVER_TRAFFIC_SECRET_0 a6f2ad34687aacd4505ca55b5c4af88df71d086f6c4e6b30b967bb5f1e08dddf c0a4e77625c57ad83d4f67f59edd5b835c8c3207ba1ef2d53fde7192d6fa5a9f
EXPORTER_SECRET a6f2ad34687aacd4505ca55b5c4af88df71d086f6c4e6b30b967bb5f1e08dddf c106a0f429dbe9d539720493e358f7be32304cf11c66e5c95ffe833efe9845fe
CLIENT_RANDOM 15154d871360ea49266b12524d27465bf70f80b45f5cb5ee0d1daa40ef37250f b7c4eba87859f83737dfa82113d462c38a5ae22320f08f6d29cc71d44eb9ddacd0c2748c030d6acc065ce572cd1271d9
CLIENT_HANDSHAKE_TRAFFIC_SECRET 6bd5d6de866e814a5bd6ac08562f327f5891cdfb62f07d83487e1c4d675c217e 0725fc206793adca5fdfaff822ea52004ff7f4911b65817e6ce8cb731774e866
SERVER_HANDSHAKE_TRAFFIC_SECRET 6bd5d6de866e814a5bd6ac08562f327f5891cdfb62f07d83487e1c4d675c217e 29ff390459240e867eff0bee5c8fda904d138ac708e1192049c79effc89e1e4f
CLIENT_TRAFFIC_SECRET_0 6bd5d6de866e814a5bd6ac08562f327f5891cdfb62f07d83487e1c4d675c217e 70c1fecd5f35e3a7971ab4b87fa1eb818c7a01ab700b6d7e8461959d7cbeac4b
SERVER_TRAFFIC_SECRET_0 6bd5d6de866e814a5bd6ac08562f327f5891cdfb62f07d83487e1c4d675c217e 676630ba228c5a7d0720c8637b72af5d57ab49d2ee956465bb508b8ac122fb0c
EXPORTER_SECRET 6bd5d6de866e814a5bd6ac08562f327f5891cdfb62f07d83487e1c4d675c217e ddebe8a1897287d700ed437d1121b68197aa2c095b3006e24c05dab474b05838
CLIENT_HANDSHAKE_TRAFFIC_SECRET ab39951521fa2e66cc77684b2981154427ac3035329a03053538a757666ad95c 35b1c91415abef416ca95affe9cd962b0bb14f9d74c646b02e7af2fe991afb01
SERVER_HANDSHAKE_TRAFFIC_SECRET ab39951521fa2e66cc77684b2981154427ac3035329a03053538a757666ad95c 09061c1672137a2f51f98aa224473e6446dd1f35d58702e2694d40dcfa0e779b
CLIENT_TRAFFIC_SECRET_0 ab39951521fa2e66cc77684b2981154427ac3035329a03053538a757666ad95c 3c3abf10ce9027b9f8a9ae1e922c04193e51d3bf7bead7473e4a96210202c5a1
SERVER_TRAFFIC_SECRET_0 ab39951521fa2e66cc77684b2981154427ac3035329a03053538a757666ad95c b93955e7d646c7b7d8c222785c3fa4446475c39083631cb461c97cbf3c55cc20
EXPORTER_SECRET ab39951521fa2e66cc77684b2981154427ac3035329a03053538a757666ad95c 3a3ae7e2f122a5e79dc39cc1e000026ac93fbc6343b5296182fac271b1b6fcc7
CLIENT_HANDSHAKE_TRAFFIC_SECRET 1510c273fa2c036fad94fd0499a7215c1bbb4914710b68e0e992ce2a1de7d84e 0e29fa765c7ce04162f4556a3844bb48f5c597f57905fb033830def0bdcfa87b
SERVER_HANDSHAKE_TRAFFIC_SECRET 1510c273fa2c036fad94fd0499a7215c1bbb4914710b68e0e992ce2a1de7d84e 4ec08b7ecd8fc6133baee6eb75904990f73c1efa770ebb4f234ea1c5b84377b4
CLIENT_TRAFFIC_SECRET_0 1510c273fa2c036fad94fd0499a7215c1bbb4914710b68e0e992ce2a1de7d84e 11e18457b897ebc3882a908ceb9bd6d1ddfec40f250dd0046cc2a6a14f0aea80
SERVER_TRAFFIC_SECRET_0 1510c273fa2c036fad94fd0499a7215c1bbb4914710b68e0e992ce2a1de7d84e 1940a188ddb4099876cde39c39ecbd7c43851adf03facede4847a4305f46f20b
EXPORTER_SECRET 1510c273fa2c036fad94fd0499a7215c1bbb4914710b68e0e992ce2a1de7d84e 43f8cef7a42eb337974540fd23f0a5fa46a7f60abf61e94587e462dfcb82ec49
CLIENT_HANDSHAKE_TRAFFIC_SECRET 49d3954a6acf19ba75434ab49f321bbccc032ebfa1ee0b93c9128afe95f19c05 c99b58bf9c288e2b10e0ff85156e2b77e26c2c695ddcea94cabf9dda976b36c2
SERVER_HANDSHAKE_TRAFFIC_SECRET 49d3954a6acf19ba75434ab49f321bbccc032ebfa1ee0b93c9128afe95f19c05 53eafc6a066b39efe55976496b44b00ba8f273180ba70b76d72aa74076e38b9e
CLIENT_TRAFFIC_SECRET_0 49d3954a6acf19ba75434ab49f321bbccc032ebfa1ee0b93c9128afe95f19c05 2d3eb9d8674301b36003869da9439de6352f3180c19c18e86b171613135d4445
SERVER_TRAFFIC_SECRET_0 49d3954a6acf19ba75434ab49f321bbccc032ebfa1ee0b93c9128afe95f19c05 62b26a3a08cc9e9595a778d1a6ec436dffe4f029088cb58bf282fbaafcbaf96f
EXPORTER_SECRET 49d3954a6acf19ba75434ab49f321bbccc032ebfa1ee0b93c9128afe95f19c05 0893e851d08cec1fa874460b1d1451394a960fb27a940e5d9b177ad9fc5e0a6c
CLIENT_HANDSHAKE_TRAFFIC_SECRET 6282c34e9d163a8fc456339d6dfbee555c258025e75ac89211661b57fb907fb7 0cc22ac4c4d20c82b6e7b33d6a12c85233dcdc96cf944adf44a79da5f09b981b
SERVER_HANDSHAKE_TRAFFIC_SECRET 6282c34e9d163a8fc456339d6dfbee555c258025e75ac89211661b57fb907fb7 8ccbacb843a8292322a99397d163eaad2499624a65f999c46e78bc94f536430a
CLIENT_TRAFFIC_SECRET_0 6282c34e9d163a8fc456339d6dfbee555c258025e75ac89211661b57fb907fb7 00d8124b75cb973444c0455ca78dfb92b4d381c8133e364c18675171c5a0efcb
SERVER_TRAFFIC_SECRET_0 6282c34e9d163a8fc456339d6dfbee555c258025e75ac89211661b57fb907fb7 0dd0bdb2e7043c0fe1feef7d3fcade95ca0a093564b09c6793c26972ff1cb4f0
EXPORTER_SECRET 6282c34e9d163a8fc456339d6dfbee555c258025e75ac89211661b57fb907fb7 7e45139fd89e8ea51d7707351db61a4673590091988ca57e833ba5cf3ed428f4
CLIENT_HANDSHAKE_TRAFFIC_SECRET a48c3c68071a88e16ed661e3fdc4b5b12d26b5d357bf631fa45ed5d931929417 4f449abafb2167c7c2c9a34b23fa7ab82391254bfd1da4ee927985059c0a88fd
SERVER_HANDSHAKE_TRAFFIC_SECRET a48c3c68071a88e16ed661e3fdc4b5b12d26b5d357bf631fa45ed5d931929417 ae1868a97c0b10a9e69d1a5156847fff27180e85c007be4bd31b3f428af1bcb3
CLIENT_TRAFFIC_SECRET_0 a48c3c68071a88e16ed661e3fdc4b5b12d26b5d357bf631fa45ed5d931929417 eda99834afa6b4211d29c714cd94d6706df58cb2e7831f9f80be5ea45e627459
SERVER_TRAFFIC_SECRET_0 a48c3c68071a88e16ed661e3fdc4b5b12d26b5d357bf631fa45ed5d931929417 f9f8126d25fed16420d276081c46a6015821bb031bf18b81dfc56d56fa47a405
EXPORTER_SECRET a48c3c68071a88e16ed661e3fdc4b5b12d26b5d357bf631fa45ed5d931929417 0527a4f021ee79dc208201b4d6fc85fddaf72fea00af090a83418ae75a98be81
CLIENT_RANDOM 8912d96f57adb71d6654d12dd50bef24eda4e9d759c3f4666bf29c538be19b70 6f706b2e517909e1cd545b58bb2b1803bf128568660d9145a2e8b772c68320327ff9331f2a5b6b4e0e11033b5956dce0
CLIENT_HANDSHAKE_TRAFFIC_SECRET 6651416f40a8c3c10f558e7342f36bfe7a15e30122ee3a1044eeb701f1028209 09c387994ec5d1dc5f20dcaea554be586a0584c5c0798de5a4f67506dd0edba0
SERVER_HANDSHAKE_TRAFFIC_SECRET 6651416f40a8c3c10f558e7342f36bfe7a15e30122ee3a1044eeb701f1028209 a9d43e5e33be1cf3c8de05b56545057f4e1f1155d319d3176bc59f590ebeb2c6
CLIENT_TRAFFIC_SECRET_0 6651416f40a8c3c10f558e7342f36bfe7a15e30122ee3a1044eeb701f1028209 2c3504e34cb4a989a2a6c51f9d9f521fae62cba7da974627f1cb9704aa2ac85e
SERVER_TRAFFIC_SECRET_0 6651416f40a8c3c10f558e7342f36bfe7a15e30122ee3a1044eeb701f1028209 512af9abcd07e9c5bb19467c36277f8d1f32ef6540007ec474a36119221a66bd
EXPORTER_SECRET 6651416f40a8c3c10f558e7342f36bfe7a15e30122ee3a1044eeb701f1028209 a7a9c9f67b0eddfba006da87f140f9ad386dab304bca12c8af92c4ed34803d09
CLIENT_HANDSHAKE_TRAFFIC_SECRET 2f2d61a79eeb0fac56cf12ef866e42ac882e4ec494c983a0e52ba85f21010af7 1977c33d5a851ebb9a476b9e6eec744e230b9161f32b9a33953e09a0a4a51fe4
SERVER_HANDSHAKE_TRAFFIC_SECRET 2f2d61a79eeb0fac56cf12ef866e42ac882e4ec494c983a0e52ba85f21010af7 bdbefc4a19f4dce14ab3722037645b38ffad40eab2b24e98e52118e1f38994d3
CLIENT_HANDSHAKE_TRAFFIC_SECRET 5323072a997b83017a1d767f24fb9f47210cafd31e64266bd7b429b01716b1d7 d886570af251bc8f22af4b2e5c5d76c5307793f1bad8cc75fb0b1381ebfae205
SERVER_HANDSHAKE_TRAFFIC_SECRET 5323072a997b83017a1d767f24fb9f47210cafd31e64266bd7b429b01716b1d7 69fe8679c8f688f1168add78c277d3e771c5df4f5f010afb63ea7ae94bcf94d5
CLIENT_TRAFFIC_SECRET_0 2f2d61a79eeb0fac56cf12ef866e42ac882e4ec494c983a0e52ba85f21010af7 b7cab1f7907d94bc7a52656b65f7b0e35f74b7919999510c33e4eceef4ff73c6
SERVER_TRAFFIC_SECRET_0 2f2d61a79eeb0fac56cf12ef866e42ac882e4ec494c983a0e52ba85f21010af7 96c852021ab00bce52c7fab04be554cdf7e656d2fde278a6524493524b3beb98
EXPORTER_SECRET 2f2d61a79eeb0fac56cf12ef866e42ac882e4ec494c983a0e52ba85f21010af7 6688cc71e67676b8d84ffac1e31407f4dc53fa0024824550344635d6fd128b0f
CLIENT_TRAFFIC_SECRET_0 5323072a997b83017a1d767f24fb9f47210cafd31e64266bd7b429b01716b1d7 03c32d18b0adafa6bcdf99dc17b346a8336c4956a970278fee6d654cf00dd761
SERVER_TRAFFIC_SECRET_0 5323072a997b83017a1d767f24fb9f47210cafd31e64266bd7b429b01716b1d7 cf76d4a9bf59d8801c5533b4c30daab2ea8954869822eee9d3cc2bd8e5e82831
EXPORTER_SECRET 5323072a997b83017a1d767f24fb9f47210cafd31e64266bd7b429b01716b1d7 da0f54f813673d7ab6e533ca1666113b22edee75089a8f049a3de12c57d85111
CLIENT_HANDSHAKE_TRAFFIC_SECRET 6024cf95c3cd0915eb5333d3781fb19da16a2c9c01840ad0e99aee20c6c2fbf3 bf6810c89ac18fac1f2a4409b120ba79eb6cd6667516840e1bc458f50908009c
SERVER_HANDSHAKE_TRAFFIC_SECRET 6024cf95c3cd0915eb5333d3781fb19da16a2c9c01840ad0e99aee20c6c2fbf3 4f69657443310ea80b30ecd0f1cc57a53cb28adcdc0b19f83623dad9ecfd2210
CLIENT_TRAFFIC_SECRET_0 6024cf95c3cd0915eb5333d3781fb19da16a2c9c01840ad0e99aee20c6c2fbf3 2bf41dc93c1548a2b5f96e6ee4325813b659c9950b51fa818a15e8d48353ba3b
SERVER_TRAFFIC_SECRET_0 6024cf95c3cd0915eb5333d3781fb19da16a2c9c01840ad0e99aee20c6c2fbf3 92b9fa402bb86780f44f1f8f78ed04fe6aeac878c6e48cb6d5077e0e21dcfcf0
EXPORTER_SECRET 6024cf95c3cd0915eb5333d3781fb19da16a2c9c01840ad0e99aee20c6c2fbf3 cc100d38d704892871d278025b9dd2f3ff28229707d87a2b48e0e7816929dfae
CLIENT_HANDSHAKE_TRAFFIC_SECRET ebde8b743589d9f85905143d2b1b29cd0c8250ff8a89edc42565047f11b31f9f d974ab26dafd2571f5787ada615f79a1e17637cc60d0acf1430c7ca90867d74c
SERVER_HANDSHAKE_TRAFFIC_SECRET ebde8b743589d9f85905143d2b1b29cd0c8250ff8a89edc42565047f11b31f9f 678e9fd28762de35b74749ee16da7c9f936f31b0ee824f4fe42823f0b367b1fc
CLIENT_TRAFFIC_SECRET_0 ebde8b743589d9f85905143d2b1b29cd0c8250ff8a89edc42565047f11b31f9f fa93bed64cc6370f56d16ce81fb90aeac49e17712595c4de56ab4ba9522cd0eb
SERVER_TRAFFIC_SECRET_0 ebde8b743589d9f85905143d2b1b29cd0c8250ff8a89edc42565047f11b31f9f 6c38a750e2964cdd6d3f0dbf8aa0344add21cdc9f1acf48e706142f4cc254c2b
EXPORTER_SECRET ebde8b743589d9f85905143d2b1b29cd0c8250ff8a89edc42565047f11b31f9f 37f19f77c54e3ea683077ae59fced0bcac6550fe69e35140e2c8356f1655c18d
CLIENT_HANDSHAKE_TRAFFIC_SECRET 9f6286255b73dc2421bbe29a48fea60b3b958028a7b63af9b4d21971a31ac1cb dd0605a6eacd275f6d73aa19d5831da404a52a79576cc93611c913ac28517260
SERVER_HANDSHAKE_TRAFFIC_SECRET 9f6286255b73dc2421bbe29a48fea60b3b958028a7b63af9b4d21971a31ac1cb 9a6fa8aa9b410b6c18d42eb24946a46e2510e135e12e63379cce16d513563ec7
CLIENT_HANDSHAKE_TRAFFIC_SECRET 4727d58949ea92bf55c9ba171e83f5e8fcadfbbd9e2357d5d9387675de1c7877 7ad6dc0e515aba6bc2b0fa1ed1f339fd2d2a059d45951e3f405bf6a0437d3017
SERVER_HANDSHAKE_TRAFFIC_SECRET 4727d58949ea92bf55c9ba171e83f5e8fcadfbbd9e2357d5d9387675de1c7877 3ce2e0487ac545268ea8e89526b415b7c27b81e495614947f0125cedcd9e4ba7
CLIENT_TRAFFIC_SECRET_0 9f6286255b73dc2421bbe29a48fea60b3b958028a7b63af9b4d21971a31ac1cb 9ecfefd22f4a491944097560a4cf5329dadedbe9ca4a986dd5232a831456b0f7
SERVER_TRAFFIC_SECRET_0 9f6286255b73dc2421bbe29a48fea60b3b958028a7b63af9b4d21971a31ac1cb 6f5c7d138214a16f89e62eb03d6d6ef7ddd66ba124c4b10d604163bc746a3c5e
EXPORTER_SECRET 9f6286255b73dc2421bbe29a48fea60b3b958028a7b63af9b4d21971a31ac1cb d4c099ee88d77554e8d505bb0bd9b010250429c3edafe7bb5d82a4e6a9271c77
CLIENT_TRAFFIC_SECRET_0 4727d58949ea92bf55c9ba171e83f5e8fcadfbbd9e2357d5d9387675de1c7877 b79412fbb7d75c8c097974533fd1f66b88a9aac4127c6ec9457ca451c486e7d8
SERVER_TRAFFIC_SECRET_0 4727d58949ea92bf55c9ba171e83f5e8fcadfbbd9e2357d5d9387675de1c7877 eab2008cb56112ea60f5dd849018a396873f7e2d1cb799887b0a5dcd56a557a9
EXPORTER_SECRET 4727d58949ea92bf55c9ba171e83f5e8fcadfbbd9e2357d5d9387675de1c7877 32905e1558b50485bbe2e085ea94156039ce35dae5c8797e7e99520834738459
CLIENT_HANDSHAKE_TRAFFIC_SECRET 2c86348b4872b166e7f0ad42393d2a3d9d5b30c008aa5fed5def148c6ec5f533 ce0c7997adb772024fbf093bcc4f5a90b06a799d91321935e7748e07c57b44f4
SERVER_HANDSHAKE_TRAFFIC_SECRET 2c86348b4872b166e7f0ad42393d2a3d9d5b30c008aa5fed5def148c6ec5f533 c944cfabb4e237bfab083946d9321bbba13455e2a548004d5fc108eaf4aeaa4f
CLIENT_TRAFFIC_SECRET_0 2c86348b4872b166e7f0ad42393d2a3d9d5b30c008aa5fed5def148c6ec5f533 3be927556a099c4f47dfd3e5f924d3374cd0a9232b200395b2efd796d7df2c65
SERVER_TRAFFIC_SECRET_0 2c86348b4872b166e7f0ad42393d2a3d9d5b30c008aa5fed5def148c6ec5f533 344d454c63cd87a48bf3bedde9f61a170af7bfe197c5a00d7eec789d7c8b7c0f
EXPORTER_SECRET 2c86348b4872b166e7f0ad42393d2a3d9d5b30c008aa5fed5def148c6ec5f533 544c75484e367069a1b8e5421c799d51418e2690915777a021a39ce348217db2
# SSL/TLS secrets log file, generated by NSS
